<?xml version="1.0" encoding="UTF-8"?>
<!-- Generated by org.testng.reporters.JUnitReportReporter -->
<testsuite skipped="0" hostname="Admin_SRV-PC" name="Stepdefine.Restassuredmethod" tests="2" failures="0" timestamp="2022-04-01T09:44:29 IST" time="2.155" errors="0">
  <testcase name="test_postmethod" time="0.025" classname="Stepdefine.Restassuredmethod"/>
  <system-out/>
  <testcase name="test_postmethod" time="2.130" classname="Stepdefine.Restassuredmethod"/>
  <system-out/>
</testsuite> <!-- Stepdefine.Restassuredmethod -->
